[debug] [2021-12-03T00:07:00.881Z] ----------------------------------------------------------------------
[debug] [2021-12-03T00:07:00.883Z] Command:       C:\Program Files\nodejs\node.exe C:\Users\Imran\.npm-global\node_modules\firebase-tools\lib\bin\firebase.js deploy
[debug] [2021-12-03T00:07:00.883Z] CLI Version:   9.23.0
[debug] [2021-12-03T00:07:00.883Z] Platform:      win32
[debug] [2021-12-03T00:07:00.883Z] Node Version:  v16.13.0
[debug] [2021-12-03T00:07:00.884Z] Time:          Fri Dec 03 2021 06:07:00 GMT+0600 (Bangladesh Standard Time)
[debug] [2021-12-03T00:07:00.884Z] ----------------------------------------------------------------------
[debug] 
[debug] [2021-12-03T00:07:00.935Z] > command requires scopes: ["email","openid","https://www.googleapis.com/auth/cloudplatformprojects.readonly","https://www.googleapis.com/auth/firebase","https://www.googleapis.com/auth/cloud-platform"]
[debug] [2021-12-03T00:07:00.935Z] > authorizing via signed-in user (bdwins65@gmail.com)
[debug] [2021-12-03T00:07:00.935Z] [iam] checking project b24win-c0633 for permissions ["cloudfunctions.functions.create","cloudfunctions.functions.delete","cloudfunctions.functions.get","cloudfunctions.functions.list","cloudfunctions.functions.update","cloudfunctions.operations.get","datastore.indexes.create","datastore.indexes.delete","datastore.indexes.list","datastore.indexes.update","firebase.projects.get","firebasehosting.sites.update"]
[debug] [2021-12-03T00:07:00.937Z] >>> HTTP REQUEST POST https://cloudresourcemanager.googleapis.com/v1/projects/b24win-c0633:testIamPermissions  
 {"permissions":["cloudfunctions.functions.create","cloudfunctions.functions.delete","cloudfunctions.functions.get","cloudfunctions.functions.list","cloudfunctions.functions.update","cloudfunctions.operations.get","datastore.indexes.create","datastore.indexes.delete","datastore.indexes.list","datastore.indexes.update","firebase.projects.get","firebasehosting.sites.update"]}
[debug] [2021-12-03T00:07:02.360Z] <<< HTTP RESPONSE 200 {"content-type":"application/json; charset=UTF-8","vary":"X-Origin, Referer, Origin,Accept-Encoding","date":"Fri, 03 Dec 2021 00:07:02 GMT","server":"ESF","cache-control":"private","x-xss-protection":"0","x-frame-options":"SAMEORIGIN","x-content-type-options":"nosniff","server-timing":"gfet4t7; dur=1224","alt-svc":"h3=\":443\"; ma=2592000,h3-29=\":443\"; ma=2592000,h3-Q050=\":443\"; ma=2592000,h3-Q046=\":443\"; ma=2592000,h3-Q043=\":443\"; ma=2592000,quic=\":443\"; ma=2592000; v=\"46,43\"","accept-ranges":"none","transfer-encoding":"chunked"}
[debug] [2021-12-03T00:07:02.362Z] >>> HTTP REQUEST POST https://iam.googleapis.com/v1/projects/b24win-c0633/serviceAccounts/b24win-c0633@appspot.gserviceaccount.com:testIamPermissions  
 {"permissions":["iam.serviceAccounts.actAs"]}
[debug] [2021-12-03T00:07:03.991Z] <<< HTTP RESPONSE 404 {"vary":"X-Origin, Referer, Origin,Accept-Encoding","content-type":"application/json; charset=UTF-8","date":"Fri, 03 Dec 2021 00:07:04 GMT","server":"ESF","cache-control":"private","x-xss-protection":"0","x-frame-options":"SAMEORIGIN","x-content-type-options":"nosniff","alt-svc":"h3=\":443\"; ma=2592000,h3-29=\":443\"; ma=2592000,h3-Q050=\":443\"; ma=2592000,h3-Q046=\":443\"; ma=2592000,h3-Q043=\":443\"; ma=2592000,quic=\":443\"; ma=2592000; v=\"46,43\"","accept-ranges":"none","transfer-encoding":"chunked"}
[debug] [2021-12-03T00:07:03.992Z] <<< HTTP RESPONSE BODY {"error":{"code":404,"message":"Unknown service account","status":"NOT_FOUND"}}
[debug] [2021-12-03T00:07:03.993Z] [functions] service account IAM check errored, deploy may fail: HTTP Error: 404, Unknown service account {"name":"FirebaseError","children":[],"context":{"body":{"error":{"code":404,"message":"Unknown service account","status":"NOT_FOUND"}},"response":{"statusCode":404,"body":{"error":{"code":404,"message":"Unknown service account","status":"NOT_FOUND"}},"headers":{"vary":"X-Origin, Referer, Origin,Accept-Encoding","content-type":"application/json; charset=UTF-8","date":"Fri, 03 Dec 2021 00:07:04 GMT","server":"ESF","cache-control":"private","x-xss-protection":"0","x-frame-options":"SAMEORIGIN","x-content-type-options":"nosniff","alt-svc":"h3=\":443\"; ma=2592000,h3-29=\":443\"; ma=2592000,h3-Q050=\":443\"; ma=2592000,h3-Q046=\":443\"; ma=2592000,h3-Q043=\":443\"; ma=2592000,quic=\":443\"; ma=2592000; v=\"46,43\"","accept-ranges":"none","transfer-encoding":"chunked"},"request":{"uri":{"protocol":"https:","slashes":true,"auth":null,"host":"iam.googleapis.com","port":443,"hostname":"iam.googleapis.com","hash":null,"search":null,"query":null,"pathname":"/v1/projects/b24win-c0633/serviceAccounts/b24win-c0633@appspot.gserviceaccount.com:testIamPermissions","path":"/v1/projects/b24win-c0633/serviceAccounts/b24win-c0633@appspot.gserviceaccount.com:testIamPermissions","href":"https://iam.googleapis.com/v1/projects/b24win-c0633/serviceAccounts/b24win-c0633@appspot.gserviceaccount.com:testIamPermissions"},"method":"POST"}}},"exit":1,"message":"HTTP Error: 404, Unknown service account","status":404}
[debug] [2021-12-03T00:07:03.994Z] > refreshing access token with scopes: []
[debug] [2021-12-03T00:07:03.994Z] >>> HTTP REQUEST POST https://www.googleapis.com/oauth2/v3/token  
 <request body omitted>
[debug] [2021-12-03T00:07:04.224Z] <<< HTTP RESPONSE 200 {"pragma":"no-cache","cache-control":"no-cache, no-store, max-age=0, must-revalidate","date":"Fri, 03 Dec 2021 00:07:04 GMT","expires":"Mon, 01 Jan 1990 00:00:00 GMT","content-type":"application/json; charset=utf-8","vary":"X-Origin, Referer, Origin,Accept-Encoding","server":"scaffolding on HTTPServer2","x-xss-protection":"0","x-frame-options":"SAMEORIGIN","x-content-type-options":"nosniff","alt-svc":"h3=\":443\"; ma=2592000,h3-29=\":443\"; ma=2592000,h3-Q050=\":443\"; ma=2592000,h3-Q046=\":443\"; ma=2592000,h3-Q043=\":443\"; ma=2592000,quic=\":443\"; ma=2592000; v=\"46,43\"","accept-ranges":"none","transfer-encoding":"chunked"}
[debug] [2021-12-03T00:07:04.229Z] >>> [apiv2][query] GET https://firebase.googleapis.com/v1beta1/projects/b24win-c0633 [none]
[debug] [2021-12-03T00:07:04.925Z] <<< [apiv2][status] GET https://firebase.googleapis.com/v1beta1/projects/b24win-c0633 200
[debug] [2021-12-03T00:07:04.925Z] <<< [apiv2][body] GET https://firebase.googleapis.com/v1beta1/projects/b24win-c0633 {"projectId":"b24win-c0633","projectNumber":"144113535461","displayName":"b24win","name":"projects/b24win-c0633","resources":{"hostingSite":"b24win-c0633"},"state":"ACTIVE"}
[info] 
[info] === Deploying to 'b24win-c0633'...
[info] 
[info] i  deploying firestore, functions, hosting 
[debug] [2021-12-03T00:07:05.261Z] TypeError [ERR_INVALID_ARG_TYPE]: The "path" argument must be of type string. Received undefined
    at new NodeError (node:internal/errors:371:5)
    at validateString (node:internal/validators:119:11)
    at Object.join (node:path:429:7)
    at Config.path (C:\Users\Imran\.npm-global\node_modules\firebase-tools\lib\config.js:115:45)
    at getChildEnvironment (C:\Users\Imran\.npm-global\node_modules\firebase-tools\lib\deploy\lifecycleHooks.js:50:49)
    at runTargetCommands (C:\Users\Imran\.npm-global\node_modules\firebase-tools\lib\deploy\lifecycleHooks.js:71:14)
    at C:\Users\Imran\.npm-global\node_modules\firebase-tools\lib\deploy\lifecycleHooks.js:122:24
    at processTicksAndRejections (node:internal/process/task_queues:96:5)
[error] 
[error] Error: An unexpected error has occurred.
